<?xml version="1.0" encoding="UTF-8"?>
<testsuite failures="1" skipped="0" tests="1" name="Robot" time="1.548" errors="0">
<testcase classname="Robot.Test" name="TC_001 Browser Start and Close" time="0.156">
<failure message="java.lang.IllegalStateException: The path to the driver executable must be set by the webdriver.chrome.driver system property; for more information, see https://github.com/SeleniumHQ/selenium/wiki/ChromeDriver. The latest version can be downloaded from http://chromedriver.storage.googleapis.com/index.html" type="AssertionError"></failure>
</testcase>
</testsuite>
